2025-04-15 00:25:17,998 - __main__ - INFO - C:\projects\FamilyFinance\app\main.py:15 - Application started
2025-04-15 00:25:49,811 - __main__ - INFO - C:\projects\FamilyFinance\app\main.py:15 - Application started
2025-04-15 00:25:55,385 - __main__ - INFO - C:\projects\FamilyFinance\app\main.py:15 - Application started
2025-04-15 00:26:04,362 - __main__ - INFO - C:\projects\FamilyFinance\app\main.py:15 - Application started
2025-04-15 00:26:30,796 - __main__ - INFO - C:\projects\FamilyFinance\app\main.py:15 - Application started
2025-04-15 00:26:33,969 - __main__ - INFO - C:\projects\FamilyFinance\app\main.py:15 - Application started
2025-04-15 00:26:39,865 - __main__ - INFO - C:\projects\FamilyFinance\app\main.py:15 - Application started
2025-04-15 00:27:35,570 - __main__ - INFO - C:\projects\FamilyFinance\app\main.py:15 - Application started
2025-04-15 00:27:35,604 - __main__ - INFO - C:\projects\FamilyFinance\app\main.py:15 - Application started
2025-04-15 00:27:39,824 - __main__ - INFO - C:\projects\FamilyFinance\app\main.py:15 - Application started
2025-04-15 00:28:58,329 - __main__ - INFO - C:\projects\FamilyFinance\app\main.py:15 - Application started
2025-04-15 00:28:58,384 - __main__ - INFO - C:\projects\FamilyFinance\app\main.py:15 - Application started
2025-04-15 00:30:08,980 - __main__ - INFO - C:\projects\FamilyFinance\app\main.py:15 - Application started
2025-04-15 00:30:55,274 - __main__ - INFO - C:\projects\FamilyFinance\app\main.py:15 - Application started
2025-04-15 00:30:55,359 - __main__ - INFO - C:\projects\FamilyFinance\app\main.py:15 - Application started
2025-04-15 00:31:45,393 - __main__ - INFO - C:\projects\FamilyFinance\app\main.py:15 - Application started
2025-04-15 00:31:57,642 - passlib.handlers.bcrypt - WARNING - C:\projects\FamilyFinance\.venv\Lib\site-packages\passlib\handlers\bcrypt.py:622 - (trapped) error reading bcrypt version
Traceback (most recent call last):
  File "C:\projects\FamilyFinance\.venv\Lib\site-packages\passlib\handlers\bcrypt.py", line 620, in _load_backend_mixin
    version = _bcrypt.__about__.__version__
              ^^^^^^^^^^^^^^^^^
AttributeError: module 'bcrypt' has no attribute '__about__'
2025-04-15 00:34:02,217 - __main__ - INFO - C:\projects\FamilyFinance\app\main.py:15 - Application started
2025-04-15 00:34:02,311 - __main__ - INFO - C:\projects\FamilyFinance\app\main.py:15 - Application started
2025-04-15 00:34:34,662 - __main__ - INFO - C:\projects\FamilyFinance\app\main.py:15 - Application started
2025-04-15 00:34:34,813 - __main__ - INFO - C:\projects\FamilyFinance\app\main.py:15 - Application started
2025-04-15 00:34:37,897 - __main__ - INFO - C:\projects\FamilyFinance\app\main.py:15 - Application started
2025-04-15 00:37:46,149 - __main__ - INFO - C:\projects\FamilyFinance\app\main.py:15 - Application started
2025-04-15 00:38:12,399 - passlib.handlers.bcrypt - WARNING - C:\projects\FamilyFinance\.venv\Lib\site-packages\passlib\handlers\bcrypt.py:622 - (trapped) error reading bcrypt version
Traceback (most recent call last):
  File "C:\projects\FamilyFinance\.venv\Lib\site-packages\passlib\handlers\bcrypt.py", line 620, in _load_backend_mixin
    version = _bcrypt.__about__.__version__
              ^^^^^^^^^^^^^^^^^
AttributeError: module 'bcrypt' has no attribute '__about__'
2025-04-14 21:48:54,256 - main - INFO - /app/main.py:15 - Application started
2025-04-14 21:50:01,750 - main - INFO - /app/main.py:15 - Application started
2025-04-14 21:54:11,477 - main - INFO - /app/main.py:15 - Application started
2025-04-14 21:56:46,438 - main - INFO - /app/main.py:15 - Application started
2025-04-14 21:59:21,442 - main - INFO - /app/main.py:15 - Application started
2025-04-15 09:26:30,682 - main - INFO - /app/main.py:15 - Application started
2025-04-15 12:31:22,788 - __main__ - INFO - C:\projects\FamilyFinance\app\main.py:15 - Application started
2025-04-15 12:31:57,038 - passlib.handlers.bcrypt - WARNING - C:\projects\FamilyFinance\.venv\Lib\site-packages\passlib\handlers\bcrypt.py:622 - (trapped) error reading bcrypt version
Traceback (most recent call last):
  File "C:\projects\FamilyFinance\.venv\Lib\site-packages\passlib\handlers\bcrypt.py", line 620, in _load_backend_mixin
    version = _bcrypt.__about__.__version__
              ^^^^^^^^^^^^^^^^^
AttributeError: module 'bcrypt' has no attribute '__about__'
